<?xml version="1.0" encoding="UTF-8"?>
<!-- Generated by org.testng.reporters.JUnitXMLReporter -->
<testsuite ignored="0" hostname="DESKTOP-3ATMJAD" failures="0" tests="2" name="Default test" time="0.121" errors="0" timestamp="2022-09-19T15:42:31 IST">
  <testcase classname="TestNGPack.TestNGClass1" name="@BeforeTest launchBrowser" time="-1.663582351623E9">
    <failure type="org.testng.TestNGException" message="
Parameter &amp;apos;browser&amp;apos; is required by BeforeTest on method launchBrowser but has not been marked @Optional or defined
in C:\Users\ADMIN\AppData\Local\Temp\testng-eclipse--2098017595\testng-customsuite.xml">
      <![CDATA[org.testng.TestNGException: 
Parameter 'browser' is required by BeforeTest on method launchBrowser but has not been marked @Optional or defined
in C:\Users\ADMIN\AppData\Local\Temp\testng-eclipse--2098017595\testng-customsuite.xml
at org.testng.internal.Parameters.createParams(Parameters.java:270)
at org.testng.internal.Parameters.createParametersForMethod(Parameters.java:358)
at org.testng.internal.Parameters.createParameters(Parameters.java:700)
at org.testng.internal.Parameters.createConfigurationParameters(Parameters.java:168)
at org.testng.internal.ConfigInvoker.invokeConfigurations(ConfigInvoker.java:302)
at org.testng.TestRunner.invokeTestConfigurations(TestRunner.java:637)
at org.testng.TestRunner.beforeRun(TestRunner.java:627)
at org.testng.TestRunner.run(TestRunner.java:589)
at org.testng.SuiteRunner.runTest(SuiteRunner.java:377)
at org.testng.SuiteRunner.runSequentially(SuiteRunner.java:371)
at org.testng.SuiteRunner.privateRun(SuiteRunner.java:332)
at org.testng.SuiteRunner.run(SuiteRunner.java:276)
at org.testng.SuiteRunnerWorker.runSuite(SuiteRunnerWorker.java:53)
at org.testng.SuiteRunnerWorker.run(SuiteRunnerWorker.java:96)
at org.testng.TestNG.runSuitesSequentially(TestNG.java:1212)
at org.testng.TestNG.runSuitesLocally(TestNG.java:1134)
at org.testng.TestNG.runSuites(TestNG.java:1063)
at org.testng.TestNG.run(TestNG.java:1031)
at org.testng.remote.AbstractRemoteTestNG.run(AbstractRemoteTestNG.java:115)
at org.testng.remote.RemoteTestNG.initAndRun(RemoteTestNG.java:251)
at org.testng.remote.RemoteTestNG.main(RemoteTestNG.java:77)
]]>
    </failure>
  </testcase> <!-- @BeforeTest launchBrowser -->
  <testcase classname="TestNGPack.TestNGClass1" name="@BeforeClass createPOMObject" time="-1.663582351669E9">
    <skipped/>
  </testcase> <!-- @BeforeClass createPOMObject -->
  <testcase classname="TestNGPack.TestNGClass1" name="@BeforeMethod launchUrl" time="-1.663582351695E9">
    <skipped/>
  </testcase> <!-- @BeforeMethod launchUrl -->
  <testcase classname="TestNGPack.TestNGClass1" name="@AfterMethod addToCartProduct" time="-1.663582351712E9">
    <skipped/>
  </testcase> <!-- @AfterMethod addToCartProduct -->
  <testcase classname="TestNGPack.TestNGClass1" name="@BeforeMethod launchUrl" time="-1.663582351716E9">
    <skipped/>
  </testcase> <!-- @BeforeMethod launchUrl -->
  <testcase classname="TestNGPack.TestNGClass1" name="@AfterMethod addToCartProduct" time="-1.663582351728E9">
    <skipped/>
  </testcase> <!-- @AfterMethod addToCartProduct -->
  <testcase classname="TestNGPack.TestNGClass1" name="@AfterClass cleanPomObject" time="-1.663582351731E9">
    <skipped/>
  </testcase> <!-- @AfterClass cleanPomObject -->
  <testcase classname="TestNGPack.TestNGClass1" name="@AfterTest closedBrowser" time="-1.663582351735E9">
    <skipped/>
  </testcase> <!-- @AfterTest closedBrowser -->
  <testcase classname="TestNGPack.TestNGClass1" name="selectWatch" time="0.0">
    <skipped/>
  </testcase> <!-- selectWatch -->
  <testcase classname="TestNGPack.TestNGClass1" name="sportShoosePage" time="0.0">
    <skipped/>
  </testcase> <!-- sportShoosePage -->
</testsuite> <!-- Default test -->
