<html>
<head>
<title>TestNG:  FirfoxTest</title>
<link href="../testng.css" rel="stylesheet" type="text/css" />
<link href="../my-testng.css" rel="stylesheet" type="text/css" />

<style type="text/css">
.log { display: none;} 
.stack-trace { display: none;} 
</style>
<script type="text/javascript">
<!--
function flip(e) {
  current = e.style.display;
  if (current == 'block') {
    e.style.display = 'none';
    return 0;
  }
  else {
    e.style.display = 'block';
    return 1;
  }
}

function toggleBox(szDivId, elem, msg1, msg2)
{
  var res = -1;  if (document.getElementById) {
    res = flip(document.getElementById(szDivId));
  }
  else if (document.all) {
    // this is the way old msie versions work
    res = flip(document.all[szDivId]);
  }
  if(elem) {
    if(res == 0) elem.innerHTML = msg1; else elem.innerHTML = msg2;
  }

}

function toggleAllBoxes() {
  if (document.getElementsByTagName) {
    d = document.getElementsByTagName('div');
    for (i = 0; i < d.length; i++) {
      if (d[i].className == 'log') {
        flip(d[i]);
      }
    }
  }
}

// -->
</script>

</head>
<body>
<h2 align='center'>FirfoxTest</h2><table border='1' align="center">
<tr>
<td>Tests passed/Failed/Skipped:</td><td>0/0/6</td>
</tr><tr>
<td>Started on:</td><td>Wed Sep 14 00:59:08 IST 2022</td>
</tr>
<tr><td>Total time:</td><td>32 seconds (32352 ms)</td>
</tr><tr>
<td>Included groups:</td><td></td>
</tr><tr>
<td>Excluded groups:</td><td></td>
</tr>
</table><p/>
<small><i>(Hover the method name to see the test class name)</i></small><p/>
<table width='100%' border='1' class='invocation-failed'>
<tr><td colspan='4' align='center'><b>FAILED CONFIGURATIONS</b></td></tr>
<tr><td><b>Test method</b></td>
<td width="30%"><b>Exception</b></td>
<td width="10%"><b>Time (seconds)</b></td>
<td><b>Instance</b></td>
</tr>
<tr>
<td title='TestNGPack.TestNGClass2.lounchBrowser()'><b>lounchBrowser</b><br>Test class: TestNGPack.TestNGClass2<br>Parameters: FireFox</td>
<td><div><pre>java.lang.NullPointerException: No capabilities seen
	at java.base/java.util.Objects.requireNonNull(Objects.java:233)
	at org.openqa.selenium.firefox.FirefoxDriver.&lt;init&gt;(FirefoxDriver.java:133)
	at TestNGPack.TestNGClass2.lounchBrowser(TestNGClass2.java:43)
... Removed 22 stack frames</pre></div><a href='#' onClick='toggleBox("stack-trace1403716230", this, "Click to show all stack frames", "Click to hide stack frames")'>Click to show all stack frames</a>
<div class='stack-trace' id='stack-trace1403716230'><pre>java.lang.NullPointerException: No capabilities seen
	at java.base/java.util.Objects.requireNonNull(Objects.java:233)
	at org.openqa.selenium.firefox.FirefoxDriver.&lt;init&gt;(FirefoxDriver.java:133)
	at TestNGPack.TestNGClass2.lounchBrowser(TestNGClass2.java:43)
	at java.base/jdk.internal.reflect.DirectMethodHandleAccessor.invoke(DirectMethodHandleAccessor.java:104)
	at java.base/java.lang.reflect.Method.invoke(Method.java:577)
	at org.testng.internal.MethodInvocationHelper.invokeMethod(MethodInvocationHelper.java:133)
	at org.testng.internal.MethodInvocationHelper.invokeMethodConsideringTimeout(MethodInvocationHelper.java:62)
	at org.testng.internal.ConfigInvoker.invokeConfigurationMethod(ConfigInvoker.java:385)
	at org.testng.internal.ConfigInvoker.invokeConfigurations(ConfigInvoker.java:321)
	at org.testng.TestRunner.invokeTestConfigurations(TestRunner.java:637)
	at org.testng.TestRunner.beforeRun(TestRunner.java:627)
	at org.testng.TestRunner.run(TestRunner.java:589)
	at org.testng.SuiteRunner.runTest(SuiteRunner.java:377)
	at org.testng.SuiteRunner.runSequentially(SuiteRunner.java:371)
	at org.testng.SuiteRunner.privateRun(SuiteRunner.java:332)
	at org.testng.SuiteRunner.run(SuiteRunner.java:276)
	at org.testng.SuiteRunnerWorker.runSuite(SuiteRunnerWorker.java:53)
	at org.testng.SuiteRunnerWorker.run(SuiteRunnerWorker.java:96)
	at org.testng.TestNG.runSuitesSequentially(TestNG.java:1212)
	at org.testng.TestNG.runSuitesLocally(TestNG.java:1134)
	at org.testng.TestNG.runSuites(TestNG.java:1063)
	at org.testng.TestNG.run(TestNG.java:1031)
	at org.testng.remote.AbstractRemoteTestNG.run(AbstractRemoteTestNG.java:115)
	at org.testng.remote.RemoteTestNG.initAndRun(RemoteTestNG.java:251)
	at org.testng.remote.RemoteTestNG.main(RemoteTestNG.java:77)
</pre></div></td>
<td>0</td>
<td>TestNGPack.TestNGClass2@49e53c76</td></tr>
</table><p>
<table width='100%' border='1' class='invocation-skipped'>
<tr><td colspan='4' align='center'><b>SKIPPED CONFIGURATIONS</b></td></tr>
<tr><td><b>Test method</b></td>
<td width="30%"><b>Exception</b></td>
<td width="10%"><b>Time (seconds)</b></td>
<td><b>Instance</b></td>
</tr>
<tr>
<td title='TestNGPack.TestNGClass3.lounchBrowser()'><b>lounchBrowser</b><br>Test class: TestNGPack.TestNGClass3</td>
<td></td>
<td>-1663097381</td>
<td>TestNGPack.TestNGClass3@351d00c0</td></tr>
<tr>
<td title='TestNGPack.TestNGClass2.cleanPomObject()'><b>cleanPomObject</b><br>Test class: TestNGPack.TestNGClass2</td>
<td></td>
<td>-1663097381</td>
<td>TestNGPack.TestNGClass2@49e53c76</td></tr>
<tr>
<td title='TestNGPack.TestNGClass1.launchUrl()'><b>launchUrl</b><br>Test class: TestNGPack.TestNGClass1</td>
<td></td>
<td>-1663097381</td>
<td>TestNGPack.TestNGClass1@38d8f54a</td></tr>
<tr>
<td title='TestNGPack.TestNGClass2.closedBrowser()'><b>closedBrowser</b><br>Test class: TestNGPack.TestNGClass2</td>
<td></td>
<td>-1663097381</td>
<td>TestNGPack.TestNGClass2@49e53c76</td></tr>
<tr>
<td title='TestNGPack.TestNGClass1.cleanPomObject()'><b>cleanPomObject</b><br>Test class: TestNGPack.TestNGClass1</td>
<td></td>
<td>-1663097381</td>
<td>TestNGPack.TestNGClass1@38d8f54a</td></tr>
<tr>
<td title='TestNGPack.TestNGClass3.returnHomePage()'><b>returnHomePage</b><br>Test class: TestNGPack.TestNGClass3</td>
<td></td>
<td>-1663097381</td>
<td>TestNGPack.TestNGClass3@351d00c0</td></tr>
<tr>
<td title='TestNGPack.TestNGClass1.launchUrl()'><b>launchUrl</b><br>Test class: TestNGPack.TestNGClass1</td>
<td></td>
<td>-1663097381</td>
<td>TestNGPack.TestNGClass1@38d8f54a</td></tr>
<tr>
<td title='TestNGPack.TestNGClass1.createPOMObject()'><b>createPOMObject</b><br>Test class: TestNGPack.TestNGClass1</td>
<td></td>
<td>-1663097381</td>
<td>TestNGPack.TestNGClass1@38d8f54a</td></tr>
<tr>
<td title='TestNGPack.TestNGClass3.lounchURL()'><b>lounchURL</b><br>Test class: TestNGPack.TestNGClass3</td>
<td></td>
<td>-1663097381</td>
<td>TestNGPack.TestNGClass3@351d00c0</td></tr>
<tr>
<td title='TestNGPack.TestNGClass2.louncURL()'><b>louncURL</b><br>Test class: TestNGPack.TestNGClass2</td>
<td></td>
<td>-1663097381</td>
<td>TestNGPack.TestNGClass2@49e53c76</td></tr>
<tr>
<td title='TestNGPack.TestNGClass1.addToCartProduct()'><b>addToCartProduct</b><br>Test class: TestNGPack.TestNGClass1</td>
<td></td>
<td>-1663097381</td>
<td>TestNGPack.TestNGClass1@38d8f54a</td></tr>
<tr>
<td title='TestNGPack.TestNGClass1.closedBrowser()'><b>closedBrowser</b><br>Test class: TestNGPack.TestNGClass1</td>
<td></td>
<td>-1663097381</td>
<td>TestNGPack.TestNGClass1@38d8f54a</td></tr>
<tr>
<td title='TestNGPack.TestNGClass1.addToCartProduct()'><b>addToCartProduct</b><br>Test class: TestNGPack.TestNGClass1</td>
<td></td>
<td>-1663097381</td>
<td>TestNGPack.TestNGClass1@38d8f54a</td></tr>
<tr>
<td title='TestNGPack.TestNGClass3.closedBrowser()'><b>closedBrowser</b><br>Test class: TestNGPack.TestNGClass3</td>
<td></td>
<td>-1663097381</td>
<td>TestNGPack.TestNGClass3@351d00c0</td></tr>
<tr>
<td title='TestNGPack.TestNGClass3.lounchBrowser()'><b>lounchBrowser</b><br>Test class: TestNGPack.TestNGClass3</td>
<td></td>
<td>-1663097381</td>
<td>TestNGPack.TestNGClass3@351d00c0</td></tr>
<tr>
<td title='TestNGPack.TestNGClass3.cleanPomObject()'><b>cleanPomObject</b><br>Test class: TestNGPack.TestNGClass3</td>
<td></td>
<td>-1663097381</td>
<td>TestNGPack.TestNGClass3@351d00c0</td></tr>
<tr>
<td title='TestNGPack.TestNGClass2.louncURL()'><b>louncURL</b><br>Test class: TestNGPack.TestNGClass2</td>
<td></td>
<td>-1663097381</td>
<td>TestNGPack.TestNGClass2@49e53c76</td></tr>
<tr>
<td title='TestNGPack.TestNGClass2.lounchBrowser()'><b>lounchBrowser</b><br>Test class: TestNGPack.TestNGClass2</td>
<td></td>
<td>-1663097381</td>
<td>TestNGPack.TestNGClass2@49e53c76</td></tr>
</table><p>
<table width='100%' border='1' class='invocation-skipped'>
<tr><td colspan='4' align='center'><b>SKIPPED TESTS</b></td></tr>
<tr><td><b>Test method</b></td>
<td width="30%"><b>Exception</b></td>
<td width="10%"><b>Time (seconds)</b></td>
<td><b>Instance</b></td>
</tr>
<tr>
<td title='TestNGPack.TestNGClass1.sportShoosePage()'><b>sportShoosePage</b><br>Test class: TestNGPack.TestNGClass1</td>
<td><div><pre>java.lang.NullPointerException: No capabilities seen
	at java.base/java.util.Objects.requireNonNull(Objects.java:233)
	at org.openqa.selenium.firefox.FirefoxDriver.&lt;init&gt;(FirefoxDriver.java:133)
	at TestNGPack.TestNGClass2.lounchBrowser(TestNGClass2.java:43)
... Removed 22 stack frames</pre></div><a href='#' onClick='toggleBox("stack-trace1373577787", this, "Click to show all stack frames", "Click to hide stack frames")'>Click to show all stack frames</a>
<div class='stack-trace' id='stack-trace1373577787'><pre>java.lang.NullPointerException: No capabilities seen
	at java.base/java.util.Objects.requireNonNull(Objects.java:233)
	at org.openqa.selenium.firefox.FirefoxDriver.&lt;init&gt;(FirefoxDriver.java:133)
	at TestNGPack.TestNGClass2.lounchBrowser(TestNGClass2.java:43)
	at java.base/jdk.internal.reflect.DirectMethodHandleAccessor.invoke(DirectMethodHandleAccessor.java:104)
	at java.base/java.lang.reflect.Method.invoke(Method.java:577)
	at org.testng.internal.MethodInvocationHelper.invokeMethod(MethodInvocationHelper.java:133)
	at org.testng.internal.MethodInvocationHelper.invokeMethodConsideringTimeout(MethodInvocationHelper.java:62)
	at org.testng.internal.ConfigInvoker.invokeConfigurationMethod(ConfigInvoker.java:385)
	at org.testng.internal.ConfigInvoker.invokeConfigurations(ConfigInvoker.java:321)
	at org.testng.TestRunner.invokeTestConfigurations(TestRunner.java:637)
	at org.testng.TestRunner.beforeRun(TestRunner.java:627)
	at org.testng.TestRunner.run(TestRunner.java:589)
	at org.testng.SuiteRunner.runTest(SuiteRunner.java:377)
	at org.testng.SuiteRunner.runSequentially(SuiteRunner.java:371)
	at org.testng.SuiteRunner.privateRun(SuiteRunner.java:332)
	at org.testng.SuiteRunner.run(SuiteRunner.java:276)
	at org.testng.SuiteRunnerWorker.runSuite(SuiteRunnerWorker.java:53)
	at org.testng.SuiteRunnerWorker.run(SuiteRunnerWorker.java:96)
	at org.testng.TestNG.runSuitesSequentially(TestNG.java:1212)
	at org.testng.TestNG.runSuitesLocally(TestNG.java:1134)
	at org.testng.TestNG.runSuites(TestNG.java:1063)
	at org.testng.TestNG.run(TestNG.java:1031)
	at org.testng.remote.AbstractRemoteTestNG.run(AbstractRemoteTestNG.java:115)
	at org.testng.remote.RemoteTestNG.initAndRun(RemoteTestNG.java:251)
	at org.testng.remote.RemoteTestNG.main(RemoteTestNG.java:77)
</pre></div></td>
<td>0</td>
<td>TestNGPack.TestNGClass1@38d8f54a</td></tr>
<tr>
<td title='TestNGPack.TestNGClass3.checkAddToCartBag()'><b>checkAddToCartBag</b><br>Test class: TestNGPack.TestNGClass3</td>
<td><div><pre>java.lang.Throwable: Method TestNGClass3.checkAddToCartBag()[pri:2, instance:TestNGPack.TestNGClass3@351d00c0] depends on not successfully finished methods
	at java.base/java.util.ArrayList.forEach(ArrayList.java:1511)
... Removed 18 stack frames</pre></div><a href='#' onClick='toggleBox("stack-trace908384914", this, "Click to show all stack frames", "Click to hide stack frames")'>Click to show all stack frames</a>
<div class='stack-trace' id='stack-trace908384914'><pre>java.lang.Throwable: Method TestNGClass3.checkAddToCartBag()[pri:2, instance:TestNGPack.TestNGClass3@351d00c0] depends on not successfully finished methods
	at org.testng.internal.TestInvoker.invokeTestMethods(TestInvoker.java:102)
	at org.testng.internal.TestMethodWorker.invokeTestMethods(TestMethodWorker.java:146)
	at org.testng.internal.TestMethodWorker.run(TestMethodWorker.java:128)
	at java.base/java.util.ArrayList.forEach(ArrayList.java:1511)
	at org.testng.TestRunner.privateRun(TestRunner.java:794)
	at org.testng.TestRunner.run(TestRunner.java:596)
	at org.testng.SuiteRunner.runTest(SuiteRunner.java:377)
	at org.testng.SuiteRunner.runSequentially(SuiteRunner.java:371)
	at org.testng.SuiteRunner.privateRun(SuiteRunner.java:332)
	at org.testng.SuiteRunner.run(SuiteRunner.java:276)
	at org.testng.SuiteRunnerWorker.runSuite(SuiteRunnerWorker.java:53)
	at org.testng.SuiteRunnerWorker.run(SuiteRunnerWorker.java:96)
	at org.testng.TestNG.runSuitesSequentially(TestNG.java:1212)
	at org.testng.TestNG.runSuitesLocally(TestNG.java:1134)
	at org.testng.TestNG.runSuites(TestNG.java:1063)
	at org.testng.TestNG.run(TestNG.java:1031)
	at org.testng.remote.AbstractRemoteTestNG.run(AbstractRemoteTestNG.java:115)
	at org.testng.remote.RemoteTestNG.initAndRun(RemoteTestNG.java:251)
	at org.testng.remote.RemoteTestNG.main(RemoteTestNG.java:77)
</pre></div></td>
<td>0</td>
<td>TestNGPack.TestNGClass3@351d00c0</td></tr>
<tr>
<td title='TestNGPack.TestNGClass1.selectWatch()'><b>selectWatch</b><br>Test class: TestNGPack.TestNGClass1</td>
<td><div><pre>java.lang.NullPointerException: No capabilities seen
	at java.base/java.util.Objects.requireNonNull(Objects.java:233)
	at org.openqa.selenium.firefox.FirefoxDriver.&lt;init&gt;(FirefoxDriver.java:133)
	at TestNGPack.TestNGClass2.lounchBrowser(TestNGClass2.java:43)
... Removed 22 stack frames</pre></div><a href='#' onClick='toggleBox("stack-trace1910896157", this, "Click to show all stack frames", "Click to hide stack frames")'>Click to show all stack frames</a>
<div class='stack-trace' id='stack-trace1910896157'><pre>java.lang.NullPointerException: No capabilities seen
	at java.base/java.util.Objects.requireNonNull(Objects.java:233)
	at org.openqa.selenium.firefox.FirefoxDriver.&lt;init&gt;(FirefoxDriver.java:133)
	at TestNGPack.TestNGClass2.lounchBrowser(TestNGClass2.java:43)
	at java.base/jdk.internal.reflect.DirectMethodHandleAccessor.invoke(DirectMethodHandleAccessor.java:104)
	at java.base/java.lang.reflect.Method.invoke(Method.java:577)
	at org.testng.internal.MethodInvocationHelper.invokeMethod(MethodInvocationHelper.java:133)
	at org.testng.internal.MethodInvocationHelper.invokeMethodConsideringTimeout(MethodInvocationHelper.java:62)
	at org.testng.internal.ConfigInvoker.invokeConfigurationMethod(ConfigInvoker.java:385)
	at org.testng.internal.ConfigInvoker.invokeConfigurations(ConfigInvoker.java:321)
	at org.testng.TestRunner.invokeTestConfigurations(TestRunner.java:637)
	at org.testng.TestRunner.beforeRun(TestRunner.java:627)
	at org.testng.TestRunner.run(TestRunner.java:589)
	at org.testng.SuiteRunner.runTest(SuiteRunner.java:377)
	at org.testng.SuiteRunner.runSequentially(SuiteRunner.java:371)
	at org.testng.SuiteRunner.privateRun(SuiteRunner.java:332)
	at org.testng.SuiteRunner.run(SuiteRunner.java:276)
	at org.testng.SuiteRunnerWorker.runSuite(SuiteRunnerWorker.java:53)
	at org.testng.SuiteRunnerWorker.run(SuiteRunnerWorker.java:96)
	at org.testng.TestNG.runSuitesSequentially(TestNG.java:1212)
	at org.testng.TestNG.runSuitesLocally(TestNG.java:1134)
	at org.testng.TestNG.runSuites(TestNG.java:1063)
	at org.testng.TestNG.run(TestNG.java:1031)
	at org.testng.remote.AbstractRemoteTestNG.run(AbstractRemoteTestNG.java:115)
	at org.testng.remote.RemoteTestNG.initAndRun(RemoteTestNG.java:251)
	at org.testng.remote.RemoteTestNG.main(RemoteTestNG.java:77)
</pre></div></td>
<td>0</td>
<td>TestNGPack.TestNGClass1@38d8f54a</td></tr>
<tr>
<td title='TestNGPack.TestNGClass2.openAjioInstagramPage()'><b>openAjioInstagramPage</b><br>Test class: TestNGPack.TestNGClass2</td>
<td><div><pre>java.lang.NullPointerException: No capabilities seen
	at java.base/java.util.Objects.requireNonNull(Objects.java:233)
	at org.openqa.selenium.firefox.FirefoxDriver.&lt;init&gt;(FirefoxDriver.java:133)
	at TestNGPack.TestNGClass2.lounchBrowser(TestNGClass2.java:43)
... Removed 22 stack frames</pre></div><a href='#' onClick='toggleBox("stack-trace2044825144", this, "Click to show all stack frames", "Click to hide stack frames")'>Click to show all stack frames</a>
<div class='stack-trace' id='stack-trace2044825144'><pre>java.lang.NullPointerException: No capabilities seen
	at java.base/java.util.Objects.requireNonNull(Objects.java:233)
	at org.openqa.selenium.firefox.FirefoxDriver.&lt;init&gt;(FirefoxDriver.java:133)
	at TestNGPack.TestNGClass2.lounchBrowser(TestNGClass2.java:43)
	at java.base/jdk.internal.reflect.DirectMethodHandleAccessor.invoke(DirectMethodHandleAccessor.java:104)
	at java.base/java.lang.reflect.Method.invoke(Method.java:577)
	at org.testng.internal.MethodInvocationHelper.invokeMethod(MethodInvocationHelper.java:133)
	at org.testng.internal.MethodInvocationHelper.invokeMethodConsideringTimeout(MethodInvocationHelper.java:62)
	at org.testng.internal.ConfigInvoker.invokeConfigurationMethod(ConfigInvoker.java:385)
	at org.testng.internal.ConfigInvoker.invokeConfigurations(ConfigInvoker.java:321)
	at org.testng.TestRunner.invokeTestConfigurations(TestRunner.java:637)
	at org.testng.TestRunner.beforeRun(TestRunner.java:627)
	at org.testng.TestRunner.run(TestRunner.java:589)
	at org.testng.SuiteRunner.runTest(SuiteRunner.java:377)
	at org.testng.SuiteRunner.runSequentially(SuiteRunner.java:371)
	at org.testng.SuiteRunner.privateRun(SuiteRunner.java:332)
	at org.testng.SuiteRunner.run(SuiteRunner.java:276)
	at org.testng.SuiteRunnerWorker.runSuite(SuiteRunnerWorker.java:53)
	at org.testng.SuiteRunnerWorker.run(SuiteRunnerWorker.java:96)
	at org.testng.TestNG.runSuitesSequentially(TestNG.java:1212)
	at org.testng.TestNG.runSuitesLocally(TestNG.java:1134)
	at org.testng.TestNG.runSuites(TestNG.java:1063)
	at org.testng.TestNG.run(TestNG.java:1031)
	at org.testng.remote.AbstractRemoteTestNG.run(AbstractRemoteTestNG.java:115)
	at org.testng.remote.RemoteTestNG.initAndRun(RemoteTestNG.java:251)
	at org.testng.remote.RemoteTestNG.main(RemoteTestNG.java:77)
</pre></div></td>
<td>0</td>
<td>TestNGPack.TestNGClass2@49e53c76</td></tr>
<tr>
<td title='TestNGPack.TestNGClass3.openProductPage()'><b>openProductPage</b><br>Test class: TestNGPack.TestNGClass3</td>
<td><div><pre>java.lang.NullPointerException: No capabilities seen
	at java.base/java.util.Objects.requireNonNull(Objects.java:233)
	at org.openqa.selenium.firefox.FirefoxDriver.&lt;init&gt;(FirefoxDriver.java:133)
	at TestNGPack.TestNGClass2.lounchBrowser(TestNGClass2.java:43)
... Removed 22 stack frames</pre></div><a href='#' onClick='toggleBox("stack-trace1597742167", this, "Click to show all stack frames", "Click to hide stack frames")'>Click to show all stack frames</a>
<div class='stack-trace' id='stack-trace1597742167'><pre>java.lang.NullPointerException: No capabilities seen
	at java.base/java.util.Objects.requireNonNull(Objects.java:233)
	at org.openqa.selenium.firefox.FirefoxDriver.&lt;init&gt;(FirefoxDriver.java:133)
	at TestNGPack.TestNGClass2.lounchBrowser(TestNGClass2.java:43)
	at java.base/jdk.internal.reflect.DirectMethodHandleAccessor.invoke(DirectMethodHandleAccessor.java:104)
	at java.base/java.lang.reflect.Method.invoke(Method.java:577)
	at org.testng.internal.MethodInvocationHelper.invokeMethod(MethodInvocationHelper.java:133)
	at org.testng.internal.MethodInvocationHelper.invokeMethodConsideringTimeout(MethodInvocationHelper.java:62)
	at org.testng.internal.ConfigInvoker.invokeConfigurationMethod(ConfigInvoker.java:385)
	at org.testng.internal.ConfigInvoker.invokeConfigurations(ConfigInvoker.java:321)
	at org.testng.TestRunner.invokeTestConfigurations(TestRunner.java:637)
	at org.testng.TestRunner.beforeRun(TestRunner.java:627)
	at org.testng.TestRunner.run(TestRunner.java:589)
	at org.testng.SuiteRunner.runTest(SuiteRunner.java:377)
	at org.testng.SuiteRunner.runSequentially(SuiteRunner.java:371)
	at org.testng.SuiteRunner.privateRun(SuiteRunner.java:332)
	at org.testng.SuiteRunner.run(SuiteRunner.java:276)
	at org.testng.SuiteRunnerWorker.runSuite(SuiteRunnerWorker.java:53)
	at org.testng.SuiteRunnerWorker.run(SuiteRunnerWorker.java:96)
	at org.testng.TestNG.runSuitesSequentially(TestNG.java:1212)
	at org.testng.TestNG.runSuitesLocally(TestNG.java:1134)
	at org.testng.TestNG.runSuites(TestNG.java:1063)
	at org.testng.TestNG.run(TestNG.java:1031)
	at org.testng.remote.AbstractRemoteTestNG.run(AbstractRemoteTestNG.java:115)
	at org.testng.remote.RemoteTestNG.initAndRun(RemoteTestNG.java:251)
	at org.testng.remote.RemoteTestNG.main(RemoteTestNG.java:77)
</pre></div></td>
<td>0</td>
<td>TestNGPack.TestNGClass3@351d00c0</td></tr>
<tr>
<td title='TestNGPack.TestNGClass2.openAjioFacebookPage()'><b>openAjioFacebookPage</b><br>Test class: TestNGPack.TestNGClass2</td>
<td><div><pre>java.lang.NullPointerException: No capabilities seen
	at java.base/java.util.Objects.requireNonNull(Objects.java:233)
	at org.openqa.selenium.firefox.FirefoxDriver.&lt;init&gt;(FirefoxDriver.java:133)
	at TestNGPack.TestNGClass2.lounchBrowser(TestNGClass2.java:43)
... Removed 22 stack frames</pre></div><a href='#' onClick='toggleBox("stack-trace1627010197", this, "Click to show all stack frames", "Click to hide stack frames")'>Click to show all stack frames</a>
<div class='stack-trace' id='stack-trace1627010197'><pre>java.lang.NullPointerException: No capabilities seen
	at java.base/java.util.Objects.requireNonNull(Objects.java:233)
	at org.openqa.selenium.firefox.FirefoxDriver.&lt;init&gt;(FirefoxDriver.java:133)
	at TestNGPack.TestNGClass2.lounchBrowser(TestNGClass2.java:43)
	at java.base/jdk.internal.reflect.DirectMethodHandleAccessor.invoke(DirectMethodHandleAccessor.java:104)
	at java.base/java.lang.reflect.Method.invoke(Method.java:577)
	at org.testng.internal.MethodInvocationHelper.invokeMethod(MethodInvocationHelper.java:133)
	at org.testng.internal.MethodInvocationHelper.invokeMethodConsideringTimeout(MethodInvocationHelper.java:62)
	at org.testng.internal.ConfigInvoker.invokeConfigurationMethod(ConfigInvoker.java:385)
	at org.testng.internal.ConfigInvoker.invokeConfigurations(ConfigInvoker.java:321)
	at org.testng.TestRunner.invokeTestConfigurations(TestRunner.java:637)
	at org.testng.TestRunner.beforeRun(TestRunner.java:627)
	at org.testng.TestRunner.run(TestRunner.java:589)
	at org.testng.SuiteRunner.runTest(SuiteRunner.java:377)
	at org.testng.SuiteRunner.runSequentially(SuiteRunner.java:371)
	at org.testng.SuiteRunner.privateRun(SuiteRunner.java:332)
	at org.testng.SuiteRunner.run(SuiteRunner.java:276)
	at org.testng.SuiteRunnerWorker.runSuite(SuiteRunnerWorker.java:53)
	at org.testng.SuiteRunnerWorker.run(SuiteRunnerWorker.java:96)
	at org.testng.TestNG.runSuitesSequentially(TestNG.java:1212)
	at org.testng.TestNG.runSuitesLocally(TestNG.java:1134)
	at org.testng.TestNG.runSuites(TestNG.java:1063)
	at org.testng.TestNG.run(TestNG.java:1031)
	at org.testng.remote.AbstractRemoteTestNG.run(AbstractRemoteTestNG.java:115)
	at org.testng.remote.RemoteTestNG.initAndRun(RemoteTestNG.java:251)
	at org.testng.remote.RemoteTestNG.main(RemoteTestNG.java:77)
</pre></div></td>
<td>0</td>
<td>TestNGPack.TestNGClass2@49e53c76</td></tr>
</table><p>
</body>
</html>