<?xml version="1.0" encoding="UTF-8"?>
<!-- Generated by org.testng.reporters.JUnitXMLReporter -->
<testsuite ignored="0" hostname="DESKTOP-3ATMJAD" failures="1" tests="6" name="Test143" time="245.178" errors="0" timestamp="2022-09-28T21:20:32 IST">
  <testcase classname="TestNGPack.TestNGClass1" name="selectWatch" time="52.681"/>
  <testcase classname="TestNGPack.TestNGClass2" name="openAjioFacebookPage" time="53.478">
    <failure type="java.lang.AssertionError" message="The following asserts failed:
	expected [AJIOlife - Home] but found [AJIOlife - Home | Facebook]">
      <![CDATA[java.lang.AssertionError: The following asserts failed:
expected [AJIOlife - Home] but found [AJIOlife - Home | Facebook]
at TestNGPack.TestNGClass2.openAjioFacebookPage(TestNGClass2.java:86)
at java.base/java.util.concurrent.ThreadPoolExecutor.runWorker(ThreadPoolExecutor.java:1136)
at java.base/java.util.concurrent.ThreadPoolExecutor$Worker.run(ThreadPoolExecutor.java:635)
at java.base/java.lang.Thread.run(Thread.java:833)
... Removed 12 stack frames]]>
    </failure>
  </testcase> <!-- openAjioFacebookPage -->
  <testcase classname="TestNGPack.TestNGClass2" name="openAjioInstagramPage" time="48.077"/>
  <testcase classname="TestNGPack.TestNGClass1" name="sportShoosePage" time="30.478"/>
  <testcase classname="TestNGPack.TestNGClass3" name="openProductPage" time="49.062"/>
  <testcase classname="TestNGPack.TestNGClass3" name="checkAddToCartBag" time="16.785"/>
</testsuite> <!-- Test143 -->
